--------------------------------------------------------------------------------
Release 9.2i Trace 
Copyright (c) 1995-2007 Xilinx, Inc.  All rights reserved.

C:\Xilinx92i\bin\nt\trce.exe -ise C:/DSP/MusicPlayer/ise/MusicPlayer.ise
-intstyle ise -e 3 -s 7 -xml music_player_top music_player_top.ncd -o
music_player_top.twr music_player_top.pcf -ucf
C:/DSP/MusicPlayer/src/music_player_top.ucf

Design file:              music_player_top.ncd
Physical constraint file: music_player_top.pcf
Device,package,speed:     xc2vp30,ff896,-7 (PRODUCTION 1.93 2007-04-13)
Report level:             error report

Environment Variable      Effect 
--------------------      ------ 
NONE                      No environment variables were set
--------------------------------------------------------------------------------

INFO:Timing:2752 - To get complete path coverage, use the unconstrained paths 
   option. All paths that are not constrained will be reported in the 
   unconstrained paths section(s) of the report.
INFO:Timing:3339 - The clock-to-out numbers in this timing report are based on 
   a 50 Ohm transmission line loading model.  For the details of this model, 
   and for more information on accounting for different loading conditions, 
   please see the device datasheet.

================================================================================
Timing constraint: TS_clock = PERIOD TIMEGRP "clk" 10 ns HIGH 50%;

 2200 items analyzed, 0 timing errors detected. (0 setup errors, 0 hold errors)
 Minimum period is   6.079ns.
--------------------------------------------------------------------------------


All constraints were met.


Data Sheet report:
-----------------
All values displayed in nanoseconds (ns)

Clock to Setup on destination clock clk
---------------+---------+---------+---------+---------+
               | Src:Rise| Src:Fall| Src:Rise| Src:Fall|
Source Clock   |Dest:Rise|Dest:Rise|Dest:Fall|Dest:Fall|
---------------+---------+---------+---------+---------+
clk            |    6.079|         |         |         |
---------------+---------+---------+---------+---------+


Timing summary:
---------------

Timing errors: 0  Score: 0

Constraints cover 2200 paths, 0 nets, and 1030 connections

Design statistics:
   Minimum period:   6.079ns   (Maximum frequency: 164.501MHz)


Analysis completed Tue May 27 11:38:46 2014 
--------------------------------------------------------------------------------

Trace Settings:
-------------------------
Trace Settings 

Peak Memory Usage: 147 MB



